<?xml version="1.0" encoding="UTF-8"?>
<testsuite name="com.pivottech.songr.SongrApplicationTests" tests="1" skipped="0" failures="0" errors="0" timestamp="2021-08-21T20:23:46" hostname="LAPTOP-6SLVMCC6" time="1.181">
  <properties/>
  <testcase name="contextLoads()" classname="com.pivottech.songr.SongrApplicationTests" time="1.181"/>
  <system-out><![CDATA[15:23:40.244 [Test worker] DEBUG org.springframework.test.context.BootstrapUtils - Instantiating CacheAwareContextLoaderDelegate from class [org.springframework.test.context.cache.DefaultCacheAwareContextLoaderDelegate]
15:23:40.285 [Test worker] DEBUG org.springframework.test.context.BootstrapUtils - Instantiating BootstrapContext using constructor [public org.springframework.test.context.support.DefaultBootstrapContext(java.lang.Class,org.springframework.test.context.CacheAwareContextLoaderDelegate)]
15:23:40.375 [Test worker] DEBUG org.springframework.test.context.BootstrapUtils - Instantiating TestContextBootstrapper for test class [com.pivottech.songr.SongrApplicationTests] from class [org.springframework.boot.test.context.SpringBootTestContextBootstrapper]
15:23:40.407 [Test worker] INFO org.springframework.boot.test.context.SpringBootTestContextBootstrapper - Neither @ContextConfiguration nor @ContextHierarchy found for test class [com.pivottech.songr.SongrApplicationTests], using SpringBootContextLoader
15:23:40.418 [Test worker] DEBUG org.springframework.test.context.support.AbstractContextLoader - Did not detect default resource location for test class [com.pivottech.songr.SongrApplicationTests]: class path resource [com/pivottech/songr/SongrApplicationTests-context.xml] does not exist
15:23:40.420 [Test worker] DEBUG org.springframework.test.context.support.AbstractContextLoader - Did not detect default resource location for test class [com.pivottech.songr.SongrApplicationTests]: class path resource [com/pivottech/songr/SongrApplicationTestsContext.groovy] does not exist
15:23:40.420 [Test worker] INFO org.springframework.test.context.support.AbstractContextLoader - Could not detect default resource locations for test class [com.pivottech.songr.SongrApplicationTests]: no resource found for suffixes {-context.xml, Context.groovy}.
15:23:40.422 [Test worker] INFO org.springframework.test.context.support.AnnotationConfigContextLoaderUtils - Could not detect default configuration classes for test class [com.pivottech.songr.SongrApplicationTests]: SongrApplicationTests does not declare any static, non-private, non-final, nested classes annotated with @Configuration.
15:23:40.559 [Test worker] DEBUG org.springframework.test.context.support.ActiveProfilesUtils - Could not find an 'annotation declaring class' for annotation type [org.springframework.test.context.ActiveProfiles] and class [com.pivottech.songr.SongrApplicationTests]
15:23:40.798 [Test worker] DEBUG org.springframework.context.annotation.ClassPathScanningCandidateComponentProvider - Identified candidate component class: file [C:\Users\Royal Family\songr\songr\build\classes\java\main\com\pivottech\songr\SongrApplication.class]
15:23:40.803 [Test worker] INFO org.springframework.boot.test.context.SpringBootTestContextBootstrapper - Found @SpringBootConfiguration com.pivottech.songr.SongrApplication for test class com.pivottech.songr.SongrApplicationTests
15:23:41.104 [Test worker] DEBUG org.springframework.boot.test.context.SpringBootTestContextBootstrapper - @TestExecutionListeners is not present for class [com.pivottech.songr.SongrApplicationTests]: using defaults.
15:23:41.106 [Test worker] INFO org.springframework.boot.test.context.SpringBootTestContextBootstrapper - Loaded default TestExecutionListener class names from location [META-INF/spring.factories]: [org.springframework.boot.test.autoconfigure.restdocs.RestDocsTestExecutionListener, org.springframework.boot.test.autoconfigure.web.client.MockRestServiceServerResetTestExecutionListener, org.springframework.boot.test.autoconfigure.web.servlet.MockMvcPrintOnlyOnFailureTestExecutionListener, org.springframework.boot.test.autoconfigure.web.servlet.WebDriverTestExecutionListener, org.springframework.boot.test.autoconfigure.webservices.client.MockWebServiceServerTestExecutionListener, org.springframework.boot.test.mock.mockito.MockitoTestExecutionListener, org.springframework.boot.test.mock.mockito.ResetMocksTestExecutionListener, org.springframework.test.context.web.ServletTestExecutionListener, org.springframework.test.context.support.DirtiesContextBeforeModesTestExecutionListener, org.springframework.test.context.event.ApplicationEventsTestExecutionListener, org.springframework.test.context.support.DependencyInjectionTestExecutionListener, org.springframework.test.context.support.DirtiesContextTestExecutionListener, org.springframework.test.context.transaction.TransactionalTestExecutionListener, org.springframework.test.context.jdbc.SqlScriptsTestExecutionListener, org.springframework.test.context.event.EventPublishingTestExecutionListener]
15:23:41.144 [Test worker] DEBUG org.springframework.boot.test.context.SpringBootTestContextBootstrapper - Skipping candidate TestExecutionListener [org.springframework.test.context.transaction.TransactionalTestExecutionListener] due to a missing dependency. Specify custom listener classes or make the default listener classes and their required dependencies available. Offending class: [org/springframework/transaction/interceptor/TransactionAttributeSource]
15:23:41.145 [Test worker] DEBUG org.springframework.boot.test.context.SpringBootTestContextBootstrapper - Skipping candidate TestExecutionListener [org.springframework.test.context.jdbc.SqlScriptsTestExecutionListener] due to a missing dependency. Specify custom listener classes or make the default listener classes and their required dependencies available. Offending class: [org/springframework/transaction/interceptor/TransactionAttribute]
15:23:41.146 [Test worker] INFO org.springframework.boot.test.context.SpringBootTestContextBootstrapper - Using TestExecutionListeners: [org.springframework.test.context.web.ServletTestExecutionListener@5142c218, org.springframework.test.context.support.DirtiesContextBeforeModesTestExecutionListener@637b76f3, org.springframework.test.context.event.ApplicationEventsTestExecutionListener@15e2e1af, org.springframework.boot.test.mock.mockito.MockitoTestExecutionListener@8d3b1cf, org.springframework.boot.test.autoconfigure.SpringBootDependencyInjectionTestExecutionListener@4fc6e0cf, org.springframework.test.context.support.DirtiesContextTestExecutionListener@7732cb2a, org.springframework.test.context.event.EventPublishingTestExecutionListener@75dfb3fa, org.springframework.boot.test.autoconfigure.restdocs.RestDocsTestExecutionListener@60172947, org.springframework.boot.test.autoconfigure.web.client.MockRestServiceServerResetTestExecutionListener@18af6d12, org.springframework.boot.test.autoconfigure.web.servlet.MockMvcPrintOnlyOnFailureTestExecutionListener@79258eb6, org.springframework.boot.test.autoconfigure.web.servlet.WebDriverTestExecutionListener@71eda20b, org.springframework.boot.test.autoconfigure.webservices.client.MockWebServiceServerTestExecutionListener@28e9f060, org.springframework.boot.test.mock.mockito.ResetMocksTestExecutionListener@4bcddf92]
15:23:41.157 [Test worker] DEBUG org.springframework.test.context.support.AbstractDirtiesContextTestExecutionListener - Before test class: context [DefaultTestContext@65be728a testClass = SongrApplicationTests, testInstance = [null], testMethod = [null], testException = [null], mergedContextConfiguration = [WebMergedContextConfiguration@c0210b8 testClass = SongrApplicationTests, locations = '{}', classes = '{class com.pivottech.songr.SongrApplication}', contextInitializerClasses = '[]', activeProfiles = '{}', propertySourceLocations = '{}', propertySourceProperties = '{org.springframework.boot.test.context.SpringBootTestContextBootstrapper=true}', contextCustomizers = set[org.springframework.boot.test.autoconfigure.actuate.metrics.MetricsExportContextCustomizerFactory$DisableMetricExportContextCustomizer@391b0382, org.springframework.boot.test.autoconfigure.properties.PropertyMappingContextCustomizer@0, org.springframework.boot.test.autoconfigure.web.servlet.WebDriverContextCustomizerFactory$Customizer@3745c5b, org.springframework.boot.test.context.filter.ExcludeFilterContextCustomizer@5fc0b3fc, org.springframework.boot.test.json.DuplicateJsonObjectContextCustomizerFactory$DuplicateJsonObjectContextCustomizer@7792c3d9, org.springframework.boot.test.mock.mockito.MockitoContextCustomizer@0, org.springframework.boot.test.web.client.TestRestTemplateContextCustomizer@5c059ff6, org.springframework.boot.test.context.SpringBootTestArgs@1, org.springframework.boot.test.context.SpringBootTestWebEnvironment@59d38a08], resourceBasePath = 'src/main/webapp', contextLoader = 'org.springframework.boot.test.context.SpringBootContextLoader', parent = [null]], attributes = map['org.springframework.test.context.web.ServletTestExecutionListener.activateListener' -> true]], class annotated with @DirtiesContext [false] with mode [null].
15:23:41.258 [Test worker] DEBUG org.springframework.test.context.support.TestPropertySourceUtils - Adding inlined properties to environment: {spring.jmx.enabled=false, org.springframework.boot.test.context.SpringBootTestContextBootstrapper=true}

  .   ____          _            __ _ _
 /\\ / ___'_ __ _ _(_)_ __  __ _ \ \ \ \
( ( )\___ | '_ | '_| | '_ \/ _` | \ \ \ \
 \\/  ___)| |_)| | | | | || (_| |  ) ) ) )
  '  |____| .__|_| |_|_| |_\__, | / / / /
 =========|_|==============|___/=/_/_/_/
 :: Spring Boot ::               (v2.4.10)

2021-08-21 15:23:42.134  INFO 25144 --- [    Test worker] c.pivottech.songr.SongrApplicationTests  : Starting SongrApplicationTests using Java 14 on LAPTOP-6SLVMCC6 with PID 25144 (started by Royal Family in C:\Users\Royal Family\songr\songr)
2021-08-21 15:23:42.143  INFO 25144 --- [    Test worker] c.pivottech.songr.SongrApplicationTests  : No active profile set, falling back to default profiles: default
2021-08-21 15:23:46.859  INFO 25144 --- [    Test worker] c.pivottech.songr.SongrApplicationTests  : Started SongrApplicationTests in 5.582 seconds (JVM running for 8.806)
]]></system-out>
  <system-err><![CDATA[]]></system-err>
</testsuite>
